open-world-apk/app/build/intermediates/manifest_merge_blame_file/release/processReleaseMainManifest/manifest-merger-blame-release-report.txt
1<?xml version="1.0" encoding="utf-8"?>
2<manifest xmlns:android="http://schemas.android.com/apk/res/android"
3    package="com.openworld.game"
4    android:versionCode="3"
5    android:versionName="1.2" >
6
7    <uses-sdk
8        android:minSdkVersion="21"
9        android:targetSdkVersion="34" />
10
11    <application
11-->src/main/AndroidManifest.xml:4:5-21:19
12        android:allowBackup="true"
12-->src/main/AndroidManifest.xml:7:9-35
13        android:extractNativeLibs="true"
14        android:icon="@android:drawable/ic_menu_compass"
14-->src/main/AndroidManifest.xml:6:9-57
15        android:label="@string/app_name"
15-->src/main/AndroidManifest.xml:5:9-41
16        android:supportsRtl="true" >
16-->src/main/AndroidManifest.xml:8:9-35
17        <activity
17-->src/main/AndroidManifest.xml:10:9-20:20
18            android:name="com.openworld.game.MainActivity"
18-->src/main/AndroidManifest.xml:11:13-41
19            android:configChanges="orientation|screenSize|keyboardHidden|screenLayout"
19-->src/main/AndroidManifest.xml:14:13-87
20            android:exported="true"
20-->src/main/AndroidManifest.xml:12:13-36
21            android:screenOrientation="landscape"
21-->src/main/AndroidManifest.xml:13:13-50
22            android:theme="@style/Theme.OpenWorld" >
22-->src/main/AndroidManifest.xml:15:13-51
23            <intent-filter>
23-->src/main/AndroidManifest.xml:16:13-19:29
24                <action android:name="android.intent.action.MAIN" />
24-->src/main/AndroidManifest.xml:17:17-69
24-->src/main/AndroidManifest.xml:17:25-66
25
26                <category android:name="android.intent.category.LAUNCHER" />
26-->src/main/AndroidManifest.xml:18:17-77
26-->src/main/AndroidManifest.xml:18:27-74
27            </intent-filter>
28        </activity>
29    </application>
30
31</manifest>